<?xml version="1.0" encoding="UTF-8"?>
<!-- Generated by org.testng.reporters.JUnitReportReporter -->
<testsuite hostname="LAPTOP-M9NR2LIP" failures="0" tests="7" name="application.todotest" time="2.828" errors="0" timestamp="2020-11-14T17:35:13 IST" skipped="5">
  <testcase classname="application.todotest" name="listingTasks" time="2.806"/>
  <system-out/>
  <testcase classname="application.todotest" name="getaSingleTask" time="0.022"/>
  <system-out/>
  <testcase classname="application.todotest" name="createTask">
    <skipped/>
  </testcase> <!-- createTask -->
  <system-out/>
  <testcase classname="application.todotest" name="markTaskCompleted">
    <skipped/>
  </testcase> <!-- markTaskCompleted -->
  <system-out/>
  <testcase classname="application.todotest" name="deleteExistingTask">
    <skipped/>
  </testcase> <!-- deleteExistingTask -->
  <system-out/>
  <testcase classname="application.todotest" name="modifyTask">
    <skipped/>
  </testcase> <!-- modifyTask -->
  <system-out/>
  <testcase classname="application.todotest" name="markTaskInComplete">
    <skipped/>
  </testcase> <!-- markTaskInComplete -->
  <system-out/>
</testsuite> <!-- application.todotest -->
