<?xml version="1.0" encoding="UTF-8"?>
<!-- Generated by org.testng.reporters.JUnitReportReporter -->
<testsuite hostname="LAPTOP-M9NR2LIP" failures="0" tests="7" name="application.todotest" time="3.043" errors="0" timestamp="2020-11-18T16:00:56 IST" skipped="4">
  <testcase classname="application.todotest" name="listingTasks" time="2.934"/>
  <system-out/>
  <testcase classname="application.todotest" name="getaSingleTask" time="0.020"/>
  <system-out/>
  <testcase classname="application.todotest" name="createTask" time="0.089"/>
  <system-out/>
  <testcase classname="application.todotest" name="markTaskCompleted">
    <skipped/>
  </testcase> <!-- markTaskCompleted -->
  <system-out/>
  <testcase classname="application.todotest" name="deleteExistingTask">
    <skipped/>
  </testcase> <!-- deleteExistingTask -->
  <system-out/>
  <testcase classname="application.todotest" name="modifyTask">
    <skipped/>
  </testcase> <!-- modifyTask -->
  <system-out/>
  <testcase classname="application.todotest" name="markTaskInComplete">
    <skipped/>
  </testcase> <!-- markTaskInComplete -->
  <system-out/>
</testsuite> <!-- application.todotest -->
