<?xml version="1.0" encoding="UTF-8"?>
<!-- Generated by org.testng.reporters.JUnitReportReporter -->
<testsuite hostname="LAPTOP-M9NR2LIP" failures="0" tests="7" name="application.todotest" time="3.203" errors="0" timestamp="2020-11-18T16:14:21 IST" skipped="0">
  <testcase classname="application.todotest" name="listingTasks" time="2.835"/>
  <system-out/>
  <testcase classname="application.todotest" name="getaSingleTask" time="0.024"/>
  <system-out/>
  <testcase classname="application.todotest" name="createTask" time="0.072"/>
  <system-out/>
  <testcase classname="application.todotest" name="modifyTask" time="0.046"/>
  <system-out/>
  <testcase classname="application.todotest" name="markTaskCompleted" time="0.175"/>
  <system-out/>
  <testcase classname="application.todotest" name="markTaskInComplete" time="0.015"/>
  <system-out/>
  <testcase classname="application.todotest" name="deleteExistingTask" time="0.036"/>
  <system-out/>
</testsuite> <!-- application.todotest -->
